<?xml version="1.0" encoding="UTF-8"?>
<testsuite xmlns:xsi="http://www.w3.org/2001/XMLSchema-instance" xsi:noNamespaceSchemaLocation="https://maven.apache.org/surefire/maven-surefire-plugin/xsd/surefire-test-report.xsd" name="iso.e02.planify.controllers.RecoveryControllerTest" time="0.006" tests="2" errors="0" skipped="0" failures="0">
  <properties>
[...]
</properties>
  <testcase name="testChangePassword" classname="iso.e02.planify.controllers.RecoveryControllerTest" time="0.005"/>
  <testcase name="testSendEmail" classname="iso.e02.planify.controllers.RecoveryControllerTest" time="0"/>
</testsuite>